<?xml version="1.0" encoding="UTF-8"?>
<!-- Generated by org.testng.reporters.JUnitXMLReporter -->
<testsuite ignored="0" hostname="LAPTOP-T7P6J0PU" failures="0" tests="5" name="Test" time="0.077" errors="0" timestamp="2022-08-02T12:56:15 IST">
  <testcase classname="com.selenium.testcases.BaseClass" name="@BeforeClass invokeBrowser" time="-1.659425175532E9">
    <failure type="org.testng.TestNGException" message="
Parameter &amp;apos;browser&amp;apos; is required by BeforeClass on method invokeBrowser but has not been marked @Optional or defined
in E:\Selenium\Selenium\testng.xml">
      <![CDATA[org.testng.TestNGException: 
Parameter 'browser' is required by BeforeClass on method invokeBrowser but has not been marked @Optional or defined
in E:\Selenium\Selenium\testng.xml
at java.base/java.util.ArrayList.forEach(ArrayList.java:1541)
... Removed 22 stack frames]]>
    </failure>
  </testcase> <!-- @BeforeClass invokeBrowser -->
  <testcase classname="com.selenium.testcases.BaseClass" name="@AfterClass tearDown" time="-1.659425175559E9">
    <skipped/>
  </testcase> <!-- @AfterClass tearDown -->
  <testcase classname="com.selenium.testcases.BaseClass" name="@BeforeClass invokeBrowser" time="-1.659425175561E9">
    <failure type="org.testng.TestNGException" message="
Parameter &amp;apos;browser&amp;apos; is required by BeforeClass on method invokeBrowser but has not been marked @Optional or defined
in E:\Selenium\Selenium\testng.xml">
      <![CDATA[org.testng.TestNGException: 
Parameter 'browser' is required by BeforeClass on method invokeBrowser but has not been marked @Optional or defined
in E:\Selenium\Selenium\testng.xml
at java.base/java.util.ArrayList.forEach(ArrayList.java:1541)
... Removed 22 stack frames]]>
    </failure>
  </testcase> <!-- @BeforeClass invokeBrowser -->
  <testcase classname="com.selenium.testcases.BaseClass" name="@AfterClass tearDown" time="-1.659425175566E9">
    <skipped/>
  </testcase> <!-- @AfterClass tearDown -->
  <testcase classname="com.selenium.testcases.BaseClass" name="@BeforeClass invokeBrowser" time="-1.659425175567E9">
    <failure type="org.testng.TestNGException" message="
Parameter &amp;apos;browser&amp;apos; is required by BeforeClass on method invokeBrowser but has not been marked @Optional or defined
in E:\Selenium\Selenium\testng.xml">
      <![CDATA[org.testng.TestNGException: 
Parameter 'browser' is required by BeforeClass on method invokeBrowser but has not been marked @Optional or defined
in E:\Selenium\Selenium\testng.xml
at java.base/java.util.ArrayList.forEach(ArrayList.java:1541)
... Removed 22 stack frames]]>
    </failure>
  </testcase> <!-- @BeforeClass invokeBrowser -->
  <testcase classname="com.selenium.testcases.BaseClass" name="@AfterClass tearDown" time="-1.659425175571E9">
    <skipped/>
  </testcase> <!-- @AfterClass tearDown -->
  <testcase classname="com.selenium.testcases.BaseClass" name="@BeforeClass invokeBrowser" time="-1.659425175572E9">
    <failure type="org.testng.TestNGException" message="
Parameter &amp;apos;browser&amp;apos; is required by BeforeClass on method invokeBrowser but has not been marked @Optional or defined
in E:\Selenium\Selenium\testng.xml">
      <![CDATA[org.testng.TestNGException: 
Parameter 'browser' is required by BeforeClass on method invokeBrowser but has not been marked @Optional or defined
in E:\Selenium\Selenium\testng.xml
at java.base/java.util.ArrayList.forEach(ArrayList.java:1541)
... Removed 22 stack frames]]>
    </failure>
  </testcase> <!-- @BeforeClass invokeBrowser -->
  <testcase classname="com.selenium.testcases.BaseClass" name="@AfterClass tearDown" time="-1.659425175577E9">
    <skipped/>
  </testcase> <!-- @AfterClass tearDown -->
  <testcase classname="com.selenium.testcases.BaseClass" name="@BeforeClass invokeBrowser" time="-1.659425175578E9">
    <failure type="org.testng.TestNGException" message="
Parameter &amp;apos;browser&amp;apos; is required by BeforeClass on method invokeBrowser but has not been marked @Optional or defined
in E:\Selenium\Selenium\testng.xml">
      <![CDATA[org.testng.TestNGException: 
Parameter 'browser' is required by BeforeClass on method invokeBrowser but has not been marked @Optional or defined
in E:\Selenium\Selenium\testng.xml
at java.base/java.util.ArrayList.forEach(ArrayList.java:1541)
... Removed 22 stack frames]]>
    </failure>
  </testcase> <!-- @BeforeClass invokeBrowser -->
  <testcase classname="com.selenium.testcases.BaseClass" name="@AfterClass tearDown" time="-1.659425175591E9">
    <skipped/>
  </testcase> <!-- @AfterClass tearDown -->
  <testcase classname="com.selenium.testcases.LoginTest" name="loginTest" time="0.0">
    <skipped/>
  </testcase> <!-- loginTest -->
  <testcase classname="com.selenium.testcases.NewCustomerTest" name="NewCustomerTest" time="0.0">
    <skipped/>
  </testcase> <!-- NewCustomerTest -->
  <testcase classname="com.selenium.testcases.EditCustomerTest" name="EditCustomerTest" time="0.0">
    <skipped/>
  </testcase> <!-- EditCustomerTest -->
  <testcase classname="com.selenium.testcases.DeleteCustomerTest" name="DeleteCustomerTest" time="0.0">
    <skipped/>
  </testcase> <!-- DeleteCustomerTest -->
  <testcase classname="com.selenium.testcases.WindowHandleTest" name="WindowHandleTest" time="0.0">
    <skipped/>
  </testcase> <!-- WindowHandleTest -->
</testsuite> <!-- Test -->
